# JRE version: Java(TM) SE Runtime Environment (8.0_101-b13) (build 1.8.0_101-b13)
# Java VM: Java HotSpot(TM) 64-Bit Server VM (25.101-b13 mixed mode windows-amd64 compressed oops)
Heap:
 PSYoungGen      total 230912K, used 116611K [0x00000000e0000000, 0x00000000eff00000, 0x0000000100000000)
  eden space 203264K, 57% used [0x00000000e0000000,0x00000000e71e0f10,0x00000000ec680000)
  from space 27648K, 0% used [0x00000000ec680000,0x00000000ec680000,0x00000000ee180000)
  to   space 27648K, 0% used [0x00000000ee400000,0x00000000ee400000,0x00000000eff00000)
 ParOldGen       total 89088K, used 31387K [0x00000000a0000000, 0x00000000a5700000, 0x00000000e0000000)
  object space 89088K, 35% used [0x00000000a0000000,0x00000000a1ea6f90,0x00000000a5700000)
 Metaspace       used 55642K, capacity 57288K, committed 57344K, reserved 1099776K
  class space    used 7318K, capacity 7626K, committed 7680K, reserved 1048576K
GC Heap History (10 events):
Event: 67.042 GC heap before
{Heap before GC invocations=17 (full 2):
 PSYoungGen      total 175616K, used 175596K [0x00000000e0000000, 0x00000000ec600000, 0x0000000100000000)
  eden space 156672K, 100% used [0x00000000e0000000,0x00000000e9900000,0x00000000e9900000)
  from space 18944K, 99% used [0x00000000eb000000,0x00000000ec27b368,0x00000000ec280000)
  to   space 23040K, 0% used [0x00000000e9900000,0x00000000e9900000,0x00000000eaf80000)
 ParOldGen       total 89088K, used 31809K [0x00000000a0000000, 0x00000000a5700000, 0x00000000e0000000)
  object space 89088K, 35% used [0x00000000a0000000,0x00000000a1f10790,0x00000000a5700000)
 Metaspace       used 52584K, capacity 53830K, committed 54016K, reserved 1095680K
  class space    used 7051K, capacity 7331K, committed 7424K, reserved 1048576K
Event: 67.108 GC heap after
Heap after GC invocations=17 (full 2):
 PSYoungGen      total 179712K, used 19394K [0x00000000e0000000, 0x00000000efa00000, 0x0000000100000000)
  eden space 156672K, 0% used [0x00000000e0000000,0x00000000e0000000,0x00000000e9900000)
  from space 23040K, 84% used [0x00000000e9900000,0x00000000eabf0a48,0x00000000eaf80000)
  to   space 25088K, 0% used [0x00000000ee180000,0x00000000ee180000,0x00000000efa00000)
 ParOldGen       total 89088K, used 38251K [0x00000000a0000000, 0x00000000a5700000, 0x00000000e0000000)
  object space 89088K, 42% used [0x00000000a0000000,0x00000000a255aee8,0x00000000a5700000)
 Metaspace       used 52584K, capacity 53830K, committed 54016K, reserved 1095680K
  class space    used 7051K, capacity 7331K, committed 7424K, reserved 1048576K
}
Event: 91.093 GC heap before
{Heap before GC invocations=18 (full 2):
 PSYoungGen      total 179712K, used 110506K [0x00000000e0000000, 0x00000000efa00000, 0x0000000100000000)
  eden space 156672K, 58% used [0x00000000e0000000,0x00000000e58f9f88,0x00000000e9900000)
  from space 23040K, 84% used [0x00000000e9900000,0x00000000eabf0a48,0x00000000eaf80000)
  to   space 25088K, 0% used [0x00000000ee180000,0x00000000ee180000,0x00000000efa00000)
 ParOldGen       total 89088K, used 38251K [0x00000000a0000000, 0x00000000a5700000, 0x00000000e0000000)
  object space 89088K, 42% used [0x00000000a0000000,0x00000000a255aee8,0x00000000a5700000)
 Metaspace       used 54181K, capacity 55582K, committed 55680K, reserved 1097728K
  class space    used 7227K, capacity 7511K, committed 7552K, reserved 1048576K
Event: 91.142 GC heap after
Heap after GC invocations=18 (full 2):
 PSYoungGen      total 228352K, used 21472K [0x00000000e0000000, 0x00000000eff00000, 0x0000000100000000)
  eden space 203264K, 0% used [0x00000000e0000000,0x00000000e0000000,0x00000000ec680000)
  from space 25088K, 85% used [0x00000000ee180000,0x00000000ef678040,0x00000000efa00000)
  to   space 27648K, 0% used [0x00000000ec680000,0x00000000ec680000,0x00000000ee180000)
 ParOldGen       total 89088K, used 44539K [0x00000000a0000000, 0x00000000a5700000, 0x00000000e0000000)
  object space 89088K, 49% used [0x00000000a0000000,0x00000000a2b7ee38,0x00000000a5700000)
 Metaspace       used 54181K, capacity 55582K, committed 55680K, reserved 1097728K
  class space    used 7227K, capacity 7511K, committed 7552K, reserved 1048576K
}
Event: 91.142 GC heap before
{Heap before GC invocations=19 (full 3):
 PSYoungGen      total 228352K, used 21472K [0x00000000e0000000, 0x00000000eff00000, 0x0000000100000000)
  eden space 203264K, 0% used [0x00000000e0000000,0x00000000e0000000,0x00000000ec680000)
  from space 25088K, 85% used [0x00000000ee180000,0x00000000ef678040,0x00000000efa00000)
  to   space 27648K, 0% used [0x00000000ec680000,0x00000000ec680000,0x00000000ee180000)
 ParOldGen       total 89088K, used 44539K [0x00000000a0000000, 0x00000000a5700000, 0x00000000e0000000)
  object space 89088K, 49% used [0x00000000a0000000,0x00000000a2b7ee38,0x00000000a5700000)
 Metaspace       used 54181K, capacity 55582K, committed 55680K, reserved 1097728K
  class space    used 7227K, capacity 7511K, committed 7552K, reserved 1048576K
Event: 91.515 GC heap after
Heap after GC invocations=19 (full 3):
 PSYoungGen      total 228352K, used 0K [0x00000000e0000000, 0x00000000eff00000, 0x0000000100000000)
  eden space 203264K, 0% used [0x00000000e0000000,0x00000000e0000000,0x00000000ec680000)
  from space 25088K, 0% used [0x00000000ee180000,0x00000000ee180000,0x00000000efa00000)
  to   space 27648K, 0% used [0x00000000ec680000,0x00000000ec680000,0x00000000ee180000)
 ParOldGen       total 89088K, used 44316K [0x00000000a0000000, 0x00000000a5700000, 0x00000000e0000000)
  object space 89088K, 49% used [0x00000000a0000000,0x00000000a2b471d0,0x00000000a5700000)
 Metaspace       used 54179K, capacity 55576K, committed 55680K, reserved 1097728K
  class space    used 7227K, capacity 7510K, committed 7552K, reserved 1048576K
}
Event: 1219.322 GC heap before
{Heap before GC invocations=20 (full 3):
 PSYoungGen      total 228352K, used 133086K [0x00000000e0000000, 0x00000000eff00000, 0x0000000100000000)
  eden space 203264K, 65% used [0x00000000e0000000,0x00000000e81f7850,0x00000000ec680000)
  from space 25088K, 0% used [0x00000000ee180000,0x00000000ee180000,0x00000000efa00000)
  to   space 27648K, 0% used [0x00000000ec680000,0x00000000ec680000,0x00000000ee180000)
 ParOldGen       total 89088K, used 44316K [0x00000000a0000000, 0x00000000a5700000, 0x00000000e0000000)
  object space 89088K, 49% used [0x00000000a0000000,0x00000000a2b471d0,0x00000000a5700000)
 Metaspace       used 55127K, capacity 56598K, committed 56832K, reserved 1097728K
  class space    used 7284K, capacity 7583K, committed 7680K, reserved 1048576K
Event: 1219.345 GC heap after
Heap after GC invocations=20 (full 3):
 PSYoungGen      total 230912K, used 3968K [0x00000000e0000000, 0x00000000eff00000, 0x0000000100000000)
  eden space 203264K, 0% used [0x00000000e0000000,0x00000000e0000000,0x00000000ec680000)
  from space 27648K, 14% used [0x00000000ec680000,0x00000000eca60020,0x00000000ee180000)
  to   space 27648K, 0% used [0x00000000ee400000,0x00000000ee400000,0x00000000eff00000)
 ParOldGen       total 89088K, used 44324K [0x00000000a0000000, 0x00000000a5700000, 0x00000000e0000000)
  object space 89088K, 49% used [0x00000000a0000000,0x00000000a2b491d0,0x00000000a5700000)
 Metaspace       used 55127K, capacity 56598K, committed 56832K, reserved 1097728K
  class space    used 7284K, capacity 7583K, committed 7680K, reserved 1048576K
}
Event: 1219.345 GC heap before
{Heap before GC invocations=21 (full 4):
 PSYoungGen      total 230912K, used 3968K [0x00000000e0000000, 0x00000000eff00000, 0x0000000100000000)
  eden space 203264K, 0% used [0x00000000e0000000,0x00000000e0000000,0x00000000ec680000)
  from space 27648K, 14% used [0x00000000ec680000,0x00000000eca60020,0x00000000ee180000)
  to   space 27648K, 0% used [0x00000000ee400000,0x00000000ee400000,0x00000000eff00000)
 ParOldGen       total 89088K, used 44324K [0x00000000a0000000, 0x00000000a5700000, 0x00000000e0000000)
  object space 89088K, 49% used [0x00000000a0000000,0x00000000a2b491d0,0x00000000a5700000)
 Metaspace       used 55127K, capacity 56598K, committed 56832K, reserved 1097728K
  class space    used 7284K, capacity 7583K, committed 7680K, reserved 1048576K
Event: 1220.066 GC heap after
Heap after GC invocations=21 (full 4):
 PSYoungGen      total 230912K, used 0K [0x00000000e0000000, 0x00000000eff00000, 0x0000000100000000)
  eden space 203264K, 0% used [0x00000000e0000000,0x00000000e0000000,0x00000000ec680000)
  from space 27648K, 0% used [0x00000000ec680000,0x00000000ec680000,0x00000000ee180000)
  to   space 27648K, 0% used [0x00000000ee400000,0x00000000ee400000,0x00000000eff00000)
 ParOldGen       total 89088K, used 31387K [0x00000000a0000000, 0x00000000a5700000, 0x00000000e0000000)
  object space 89088K, 35% used [0x00000000a0000000,0x00000000a1ea6f90,0x00000000a5700000)
 Metaspace       used 55127K, capacity 56598K, committed 56832K, reserved 1097728K
  class space    used 7284K, capacity 7583K, committed 7680K, reserved 1048576K
}

